Finalize Aggregate  (cost=129956.61..129956.62 rows=1 width=4)
-> Gather  (cost=129956.40..129956.61 rows=2 width=4)
        Workers Planned: 2
        ->  Partial Aggregate  (cost=128956.40..128956.41 rows=1 width=4)
            ->  Parallel Seq Scan on title_akas  (cost=0.00..119910.52 rows=3618352 width=4)